E:\GitHub\gfans_github\UnifiedParticleFrameworkCUDA\x64\Release\cl.command.1.tlog
E:\GitHub\gfans_github\UnifiedParticleFrameworkCUDA\x64\Release\CL.read.1.tlog
E:\GitHub\gfans_github\UnifiedParticleFrameworkCUDA\x64\Release\CL.write.1.tlog
E:\GITHUB\GFANS_GITHUB\UNIFIEDPARTICLEFRAMEWORKCUDA\X64\RELEASE\FACE.OBJ
E:\GITHUB\GFANS_GITHUB\UNIFIEDPARTICLEFRAMEWORKCUDA\X64\RELEASE\GLOBAL.OBJ
E:\GITHUB\GFANS_GITHUB\UNIFIEDPARTICLEFRAMEWORKCUDA\X64\RELEASE\GLUTAPPLICATION.OBJ
E:\GITHUB\GFANS_GITHUB\UNIFIEDPARTICLEFRAMEWORKCUDA\X64\RELEASE\GLUTWINDOW.OBJ
E:\GitHub\gfans_github\UnifiedParticleFrameworkCUDA\x64\Release\link.command.1.tlog
E:\GitHub\gfans_github\UnifiedParticleFrameworkCUDA\x64\Release\link.read.1.tlog
E:\GitHub\gfans_github\UnifiedParticleFrameworkCUDA\x64\Release\link.write.1.tlog
E:\GITHUB\GFANS_GITHUB\UNIFIEDPARTICLEFRAMEWORKCUDA\X64\RELEASE\MAIN.OBJ
E:\GITHUB\GFANS_GITHUB\UNIFIEDPARTICLEFRAMEWORKCUDA\X64\RELEASE\MATRIX3X3.OBJ
E:\GITHUB\GFANS_GITHUB\UNIFIEDPARTICLEFRAMEWORKCUDA\X64\RELEASE\MESH.OBJ
E:\GitHub\gfans_github\UnifiedParticleFrameworkCUDA\x64\Release\mt.command.1.tlog
E:\GitHub\gfans_github\UnifiedParticleFrameworkCUDA\x64\Release\mt.read.1.tlog
E:\GitHub\gfans_github\UnifiedParticleFrameworkCUDA\x64\Release\mt.write.1.tlog
E:\GITHUB\GFANS_GITHUB\UNIFIEDPARTICLEFRAMEWORKCUDA\X64\RELEASE\OBJECTLOADER.OBJ
E:\GITHUB\GFANS_GITHUB\UNIFIEDPARTICLEFRAMEWORKCUDA\X64\RELEASE\OBJLOADER.OBJ
E:\GitHub\gfans_github\UnifiedParticleFrameworkCUDA\x64\Release\particles.cu.cache
E:\GitHub\gfans_github\UnifiedParticleFrameworkCUDA\x64\Release\particles.cu.obj
E:\GitHub\gfans_github\UnifiedParticleFrameworkCUDA\x64\Release\particles_kernel.cu.cache
E:\GitHub\gfans_github\UnifiedParticleFrameworkCUDA\x64\Release\particles_kernel.cu.obj
E:\GITHUB\GFANS_GITHUB\UNIFIEDPARTICLEFRAMEWORKCUDA\X64\RELEASE\POLYGON.OBJ
E:\GitHub\gfans_github\UnifiedParticleFrameworkCUDA\x64\Release\radixsort_kernel.cu.cache
E:\GitHub\gfans_github\UnifiedParticleFrameworkCUDA\x64\Release\radixsort_kernel.cu.obj
E:\GITHUB\GFANS_GITHUB\UNIFIEDPARTICLEFRAMEWORKCUDA\X64\RELEASE\RENDER_PARTICLES.OBJ
E:\GITHUB\GFANS_GITHUB\UNIFIEDPARTICLEFRAMEWORKCUDA\X64\RELEASE\RIGIDBODY.OBJ
E:\GITHUB\GFANS_GITHUB\UNIFIEDPARTICLEFRAMEWORKCUDA\X64\RELEASE\SCENE.OBJ
E:\GITHUB\GFANS_GITHUB\UNIFIEDPARTICLEFRAMEWORKCUDA\X64\RELEASE\SHADERS.OBJ
E:\GITHUB\GFANS_GITHUB\UNIFIEDPARTICLEFRAMEWORKCUDA\X64\RELEASE\TIMER.OBJ
E:\GITHUB\GFANS_GITHUB\UNIFIEDPARTICLEFRAMEWORKCUDA\X64\RELEASE\UNIFIEDCONSTANTS.OBJ
E:\GITHUB\GFANS_GITHUB\UNIFIEDPARTICLEFRAMEWORKCUDA\X64\RELEASE\UNIFIEDIO.OBJ
E:\GitHub\gfans_github\UnifiedParticleFrameworkCUDA\x64\Release\UnifiedMathCUDA.cu.cache
E:\GitHub\gfans_github\UnifiedParticleFrameworkCUDA\x64\Release\UnifiedMathCUDA.cu.obj
E:\GITHUB\GFANS_GITHUB\UNIFIEDPARTICLEFRAMEWORKCUDA\X64\RELEASE\UNIFIEDPARTICLE.OBJ
E:\GitHub\gfans_github\UnifiedParticleFrameworkCUDA\x64\Release\UnifiedParticleFrameworkCUDA.device-link.obj
E:\GITHUB\GFANS_GITHUB\UNIFIEDPARTICLEFRAMEWORKCUDA\X64\RELEASE\UNIFIEDPARTICLEFRAMEWORKCUDA.EXE
E:\GITHUB\GFANS_GITHUB\UNIFIEDPARTICLEFRAMEWORKCUDA\X64\RELEASE\UNIFIEDPARTICLEFRAMEWORKCUDA.EXE.INTERMEDIATE.MANIFEST
E:\GITHUB\GFANS_GITHUB\UNIFIEDPARTICLEFRAMEWORKCUDA\X64\RELEASE\UNIFIEDPARTICLEFRAMEWORKCUDA.PDB
E:\GitHub\gfans_github\UnifiedParticleFrameworkCUDA\x64\Release\UnifiedParticleFrameworkCUDA.write.1.tlog
E:\GITHUB\GFANS_GITHUB\UNIFIEDPARTICLEFRAMEWORKCUDA\X64\RELEASE\UNIFIEDPHYSICS.OBJ
E:\GITHUB\GFANS_GITHUB\UNIFIEDPARTICLEFRAMEWORKCUDA\X64\RELEASE\UNIFIEDWINDOW.OBJ
E:\GITHUB\GFANS_GITHUB\UNIFIEDPARTICLEFRAMEWORKCUDA\X64\RELEASE\VC100.PDB
E:\GITHUB\GFANS_GITHUB\UNIFIEDPARTICLEFRAMEWORKCUDA\X64\RELEASE\VECTOR3D.OBJ
E:\GITHUB\GFANS_GITHUB\UNIFIEDPARTICLEFRAMEWORKCUDA\X64\RELEASE\WEIGHTINGKERNEL.OBJ
E:\GITHUB\GFANS_GITHUB\UNIFIEDPARTICLEFRAMEWORKCUDA\X64\RELEASE\ZINDEX.OBJ
