生成启动时间为 2015/8/5 0:02:00。
     1>项目“E:\GitHub\gfans_github\UnifiedParticleFrameworkCUDA\UnifiedParticleFrameworkCUDA.vcxproj”在节点 2 上(clean 个目标)。
     1>_PrepareForClean:
         正在删除文件“E:\GitHub\gfans_github\UnifiedParticleFrameworkCUDA\x64\Release\UnifiedParticleFrameworkCUDA.lastbuildstate”。
       CudaClean:
         cmd.exe /C "C:\Users\Gfans\AppData\Local\Temp\tmp3db0ea4173cf43daa560c556b34c9d46.cmd"
         "C:\Program Files\NVIDIA GPU Computing Toolkit\CUDA\v7.0\bin\nvcc.exe" -ccbin "c:\Program Files (x86)\Microsoft Visual Studio 10.0\VC\bin\x86_amd64"  -Isrc -Isrc\common -Isrc\cpu -Isrc\gpu -Isrc\headers -Isrc\meshParticles -Isrc\sceneConfigure -Isrc\system -Isrc\threadpool -Isrc\vmmlib -Isrc\headers\cuda7.0_include\include -Iffmpeg\include -I"C:\Program Files\NVIDIA GPU Computing Toolkit\CUDA\v7.0\include" -I"C:\Program Files\NVIDIA GPU Computing Toolkit\CUDA\v7.0\include" -I"C:\Program Files\NVIDIA GPU Computing Toolkit\CUDA\v7.0\include"     --keep-dir x64\Release -maxrregcount=0  --machine 64 --compile     -use_fast_math -DWIN64 -DNDEBUG -D_CONSOLE -D_MBCS -Xcompiler "/EHsc /W3 /nologo /O2 /Zi  /MD  " -o E:\GitHub\gfans_github\UnifiedParticleFrameworkCUDA\x64\Release\particles.cu.obj "E:\GitHub\gfans_github\UnifiedParticleFrameworkCUDA\src\gpu\particles.cu" -clean
         
         E:\GitHub\gfans_github\UnifiedParticleFrameworkCUDA>"C:\Program Files\NVIDIA GPU Computing Toolkit\CUDA\v7.0\bin\nvcc.exe" -ccbin "c:\Program Files (x86)\Microsoft Visual Studio 10.0\VC\bin\x86_amd64"  -Isrc -Isrc\common -Isrc\cpu -Isrc\gpu -Isrc\headers -Isrc\meshParticles -Isrc\sceneConfigure -Isrc\system -Isrc\threadpool -Isrc\vmmlib -Isrc\headers\cuda7.0_include\include -Iffmpeg\include -I"C:\Program Files\NVIDIA GPU Computing Toolkit\CUDA\v7.0\include" -I"C:\Program Files\NVIDIA GPU Computing Toolkit\CUDA\v7.0\include" -I"C:\Program Files\NVIDIA GPU Computing Toolkit\CUDA\v7.0\include"     --keep-dir x64\Release -maxrregcount=0  --machine 64 --compile     -use_fast_math -DWIN64 -DNDEBUG -D_CONSOLE -D_MBCS -Xcompiler "/EHsc /W3 /nologo /O2 /Zi  /MD  " -o E:\GitHub\gfans_github\UnifiedParticleFrameworkCUDA\x64\Release\particles.cu.obj "E:\GitHub\gfans_github\UnifiedParticleFrameworkCUDA\src\gpu\particles.cu" -clean 
         particles.cu
         正在删除文件“E:\GitHub\gfans_github\UnifiedParticleFrameworkCUDA\x64\Release\src\gpu\particles.cu.deps”。
       CudaClean:
         cmd.exe /C "C:\Users\Gfans\AppData\Local\Temp\tmp3bbfcea7001449fcbc77af82b8901ac6.cmd"
         "C:\Program Files\NVIDIA GPU Computing Toolkit\CUDA\v7.0\bin\nvcc.exe" -ccbin "c:\Program Files (x86)\Microsoft Visual Studio 10.0\VC\bin\x86_amd64"  -Isrc -Isrc\common -Isrc\cpu -Isrc\gpu -Isrc\headers -Isrc\meshParticles -Isrc\sceneConfigure -Isrc\system -Isrc\threadpool -Isrc\vmmlib -Isrc\headers\cuda7.0_include\include -Iffmpeg\include -I"C:\Program Files\NVIDIA GPU Computing Toolkit\CUDA\v7.0\include" -I"C:\Program Files\NVIDIA GPU Computing Toolkit\CUDA\v7.0\include" -I"C:\Program Files\NVIDIA GPU Computing Toolkit\CUDA\v7.0\include"     --keep-dir x64\Release -maxrregcount=0  --machine 64 --compile     -use_fast_math -DWIN64 -DNDEBUG -D_CONSOLE -D_MBCS -Xcompiler "/EHsc /W3 /nologo /O2 /Zi  /MD  " -o E:\GitHub\gfans_github\UnifiedParticleFrameworkCUDA\x64\Release\particles_kernel.cu.obj "E:\GitHub\gfans_github\UnifiedParticleFrameworkCUDA\src\gpu\particles_kernel.cu" -clean
         
         E:\GitHub\gfans_github\UnifiedParticleFrameworkCUDA>"C:\Program Files\NVIDIA GPU Computing Toolkit\CUDA\v7.0\bin\nvcc.exe" -ccbin "c:\Program Files (x86)\Microsoft Visual Studio 10.0\VC\bin\x86_amd64"  -Isrc -Isrc\common -Isrc\cpu -Isrc\gpu -Isrc\headers -Isrc\meshParticles -Isrc\sceneConfigure -Isrc\system -Isrc\threadpool -Isrc\vmmlib -Isrc\headers\cuda7.0_include\include -Iffmpeg\include -I"C:\Program Files\NVIDIA GPU Computing Toolkit\CUDA\v7.0\include" -I"C:\Program Files\NVIDIA GPU Computing Toolkit\CUDA\v7.0\include" -I"C:\Program Files\NVIDIA GPU Computing Toolkit\CUDA\v7.0\include"     --keep-dir x64\Release -maxrregcount=0  --machine 64 --compile     -use_fast_math -DWIN64 -DNDEBUG -D_CONSOLE -D_MBCS -Xcompiler "/EHsc /W3 /nologo /O2 /Zi  /MD  " -o E:\GitHub\gfans_github\UnifiedParticleFrameworkCUDA\x64\Release\particles_kernel.cu.obj "E:\GitHub\gfans_github\UnifiedParticleFrameworkCUDA\src\gpu\particles_kernel.cu" -clean 
         particles_kernel.cu
         正在删除文件“E:\GitHub\gfans_github\UnifiedParticleFrameworkCUDA\x64\Release\src\gpu\particles_kernel.cu.deps”。
       CudaClean:
         cmd.exe /C "C:\Users\Gfans\AppData\Local\Temp\tmp2a980ed2e44543059ec5a3f44676f650.cmd"
         "C:\Program Files\NVIDIA GPU Computing Toolkit\CUDA\v7.0\bin\nvcc.exe" -ccbin "c:\Program Files (x86)\Microsoft Visual Studio 10.0\VC\bin\x86_amd64"  -Isrc -Isrc\common -Isrc\cpu -Isrc\gpu -Isrc\headers -Isrc\meshParticles -Isrc\sceneConfigure -Isrc\system -Isrc\threadpool -Isrc\vmmlib -Isrc\headers\cuda7.0_include\include -Iffmpeg\include -I"C:\Program Files\NVIDIA GPU Computing Toolkit\CUDA\v7.0\include" -I"C:\Program Files\NVIDIA GPU Computing Toolkit\CUDA\v7.0\include" -I"C:\Program Files\NVIDIA GPU Computing Toolkit\CUDA\v7.0\include"     --keep-dir x64\Release -maxrregcount=0  --machine 64 --compile     -use_fast_math -DWIN64 -DNDEBUG -D_CONSOLE -D_MBCS -Xcompiler "/EHsc /W3 /nologo /O2 /Zi  /MD  " -o E:\GitHub\gfans_github\UnifiedParticleFrameworkCUDA\x64\Release\radixsort_kernel.cu.obj "E:\GitHub\gfans_github\UnifiedParticleFrameworkCUDA\src\gpu\radixsort_kernel.cu" -clean
         
         E:\GitHub\gfans_github\UnifiedParticleFrameworkCUDA>"C:\Program Files\NVIDIA GPU Computing Toolkit\CUDA\v7.0\bin\nvcc.exe" -ccbin "c:\Program Files (x86)\Microsoft Visual Studio 10.0\VC\bin\x86_amd64"  -Isrc -Isrc\common -Isrc\cpu -Isrc\gpu -Isrc\headers -Isrc\meshParticles -Isrc\sceneConfigure -Isrc\system -Isrc\threadpool -Isrc\vmmlib -Isrc\headers\cuda7.0_include\include -Iffmpeg\include -I"C:\Program Files\NVIDIA GPU Computing Toolkit\CUDA\v7.0\include" -I"C:\Program Files\NVIDIA GPU Computing Toolkit\CUDA\v7.0\include" -I"C:\Program Files\NVIDIA GPU Computing Toolkit\CUDA\v7.0\include"     --keep-dir x64\Release -maxrregcount=0  --machine 64 --compile     -use_fast_math -DWIN64 -DNDEBUG -D_CONSOLE -D_MBCS -Xcompiler "/EHsc /W3 /nologo /O2 /Zi  /MD  " -o E:\GitHub\gfans_github\UnifiedParticleFrameworkCUDA\x64\Release\radixsort_kernel.cu.obj "E:\GitHub\gfans_github\UnifiedParticleFrameworkCUDA\src\gpu\radixsort_kernel.cu" -clean 
         radixsort_kernel.cu
         正在删除文件“E:\GitHub\gfans_github\UnifiedParticleFrameworkCUDA\x64\Release\src\gpu\radixsort_kernel.cu.deps”。
       CudaClean:
         cmd.exe /C "C:\Users\Gfans\AppData\Local\Temp\tmp5d290e61d72642c29cc32a913ac3b36c.cmd"
         "C:\Program Files\NVIDIA GPU Computing Toolkit\CUDA\v7.0\bin\nvcc.exe" -ccbin "c:\Program Files (x86)\Microsoft Visual Studio 10.0\VC\bin\x86_amd64"  -Isrc -Isrc\common -Isrc\cpu -Isrc\gpu -Isrc\headers -Isrc\meshParticles -Isrc\sceneConfigure -Isrc\system -Isrc\threadpool -Isrc\vmmlib -Isrc\headers\cuda7.0_include\include -Iffmpeg\include -I"C:\Program Files\NVIDIA GPU Computing Toolkit\CUDA\v7.0\include" -I"C:\Program Files\NVIDIA GPU Computing Toolkit\CUDA\v7.0\include" -I"C:\Program Files\NVIDIA GPU Computing Toolkit\CUDA\v7.0\include"     --keep-dir x64\Release -maxrregcount=0  --machine 64 --compile     -use_fast_math -DWIN64 -DNDEBUG -D_CONSOLE -D_MBCS -Xcompiler "/EHsc /W3 /nologo /O2 /Zi  /MD  " -o E:\GitHub\gfans_github\UnifiedParticleFrameworkCUDA\x64\Release\UnifiedMathCUDA.cu.obj "E:\GitHub\gfans_github\UnifiedParticleFrameworkCUDA\src\gpu\UnifiedMathCUDA.cu" -clean
         
         E:\GitHub\gfans_github\UnifiedParticleFrameworkCUDA>"C:\Program Files\NVIDIA GPU Computing Toolkit\CUDA\v7.0\bin\nvcc.exe" -ccbin "c:\Program Files (x86)\Microsoft Visual Studio 10.0\VC\bin\x86_amd64"  -Isrc -Isrc\common -Isrc\cpu -Isrc\gpu -Isrc\headers -Isrc\meshParticles -Isrc\sceneConfigure -Isrc\system -Isrc\threadpool -Isrc\vmmlib -Isrc\headers\cuda7.0_include\include -Iffmpeg\include -I"C:\Program Files\NVIDIA GPU Computing Toolkit\CUDA\v7.0\include" -I"C:\Program Files\NVIDIA GPU Computing Toolkit\CUDA\v7.0\include" -I"C:\Program Files\NVIDIA GPU Computing Toolkit\CUDA\v7.0\include"     --keep-dir x64\Release -maxrregcount=0  --machine 64 --compile     -use_fast_math -DWIN64 -DNDEBUG -D_CONSOLE -D_MBCS -Xcompiler "/EHsc /W3 /nologo /O2 /Zi  /MD  " -o E:\GitHub\gfans_github\UnifiedParticleFrameworkCUDA\x64\Release\UnifiedMathCUDA.cu.obj "E:\GitHub\gfans_github\UnifiedParticleFrameworkCUDA\src\gpu\UnifiedMathCUDA.cu" -clean 
         UnifiedMathCUDA.cu
         正在删除文件“E:\GitHub\gfans_github\UnifiedParticleFrameworkCUDA\x64\Release\src\gpu\UnifiedMathCUDA.cu.deps”。
     1>已完成生成项目“E:\GitHub\gfans_github\UnifiedParticleFrameworkCUDA\UnifiedParticleFrameworkCUDA.vcxproj”(clean 个目标)的操作。

生成成功。

已用时间 00:00:06.72
